<?xml version="1.0" encoding="UTF-8"?>
<testng-results ignored="0" total="1" passed="1" failed="0" skipped="0">
  <reporter-output>
  </reporter-output>
  <suite started-at="2021-05-23T15:46:33 IST" name="Default suite" finished-at="2021-05-23T15:46:50 IST" duration-ms="17702">
    <groups>
    </groups>
    <test started-at="2021-05-23T15:46:33 IST" name="Default test" finished-at="2021-05-23T15:46:50 IST" duration-ms="17702">
      <class name="com.amazon.application.Amazon_Application.MobileTest">
        <test-method is-config="true" signature="initialize()[pri:0, instance:com.amazon.application.Amazon_Application.MobileTest@3d121db3]" started-at="2021-05-23T15:46:33 IST" name="initialize" finished-at="2021-05-23T15:46:43 IST" duration-ms="10251" status="PASS">
          <reporter-output>
          </reporter-output>
        </test-method> <!-- initialize -->
        <test-method signature="test1()[pri:0, instance:com.amazon.application.Amazon_Application.MobileTest@3d121db3]" started-at="2021-05-23T15:46:43 IST" name="test1" finished-at="2021-05-23T15:46:49 IST" duration-ms="6060" status="PASS">
          <reporter-output>
          </reporter-output>
        </test-method> <!-- test1 -->
        <test-method is-config="true" signature="TeardownTest()[pri:0, instance:com.amazon.application.Amazon_Application.MobileTest@3d121db3]" started-at="2021-05-23T15:46:49 IST" name="TeardownTest" finished-at="2021-05-23T15:46:50 IST" duration-ms="1247" status="PASS">
          <reporter-output>
          </reporter-output>
        </test-method> <!-- TeardownTest -->
      </class> <!-- com.amazon.application.Amazon_Application.MobileTest -->
    </test> <!-- Default test -->
  </suite> <!-- Default suite -->
</testng-results>
